<?xml version="1.0" encoding="UTF-8"?>
<testng-results ignored="0" total="1" passed="1" failed="0" skipped="0">
  <reporter-output>
  </reporter-output>
  <suite started-at="2020-07-23T13:45:03Z" name="Default suite" finished-at="2020-07-23T13:45:07Z" duration-ms="3816">
    <groups>
    </groups>
    <test started-at="2020-07-23T13:45:03Z" name="Default test" finished-at="2020-07-23T13:45:07Z" duration-ms="3816">
      <class name="Tests_Delete">
        <test-method signature="test_delete()[pri:0, instance:Tests_Delete@15bb6bea]" started-at="2020-07-23T13:45:03Z" name="test_delete" finished-at="2020-07-23T13:45:07Z" duration-ms="3691" status="PASS">
          <reporter-output>
          </reporter-output>
        </test-method> <!-- test_delete -->
      </class> <!-- Tests_Delete -->
    </test> <!-- Default test -->
  </suite> <!-- Default suite -->
</testng-results>
